2014/10/17 02:25:01 [info] [application] user id demo logout using ip ::1
2014/10/17 02:34:26 [info] [application]  Guest user 
2014/10/17 02:35:27 [info] [application]  Guest user 
2014/10/17 02:35:28 [info] [application]  Guest user 
2014/10/17 02:35:50 [info] [application] user demo 3 login failure trying to login again from ip ::1
2014/10/17 02:35:50 [info] [application] user demo 3 login failure trying to login again from ip ::1
2014/10/17 02:35:51 [info] [application] user demo 3 login failure trying to login again from ip ::1
2014/10/17 02:35:51 [info] [application] user demo login failure from ip ::1
2014/10/17 02:35:58 [info] [application] user demo 3 login failure trying to login again from ip ::1
2014/10/17 02:35:58 [info] [application] user demo login failure from ip ::1
2014/10/17 02:35:59 [info] [application] user demo 3 login failure trying to login again from ip ::1
2014/10/17 02:36:05 [info] [application] user demo 3 login failure trying to login again from ip ::1
2014/10/17 02:36:06 [info] [application] user demo 3 login failure trying to login again from ip ::1
2014/10/17 02:36:06 [info] [application] user demo login failure from ip ::1
2014/10/17 02:41:44 [info] [application] user id  Guest user  on home page using ip ::1
2014/10/17 02:41:46 [info] [application] user id  Guest user  on Login page using ip ::1
2014/10/17 02:52:22 [info] [application] user demo 3 login failure trying to login again from ip ::1
2014/10/17 02:52:24 [info] [application] user demo 3 login failure trying to login again from ip ::1
2014/10/17 02:52:24 [info] [application] user demo login failure from ip ::1
2014/10/17 02:52:25 [info] [application] user demo 3 login failure trying to login again from ip ::1
2014/10/17 02:53:20 [info] [application] user demo login success from ip ::1
2014/10/17 02:53:20 [info] [application] user id demo on home page using ip ::1
2014/10/17 02:53:24 [info] [application] user id demo on edit profile page using ip ::1
2014/10/17 02:53:35 [info] [application] user id demo on main profile page using ip ::1
2014/10/17 02:59:06 [info] [application] user id demo on home page using ip ::1
2014/10/17 02:59:17 [info] [application] user id demo on home page using ip ::1
2014/10/17 02:59:18 [info] [application] user id demo on main profile page using ip ::1
2014/10/17 02:59:26 [info] [application] user id demo on a view profile page using ip ::1
2014/10/17 02:59:30 [info] [application] user id demo on main profile page using ip ::1
2014/10/17 03:01:10 [info] [application] user id demo on main profile page using ip ::1
2014/10/17 03:08:15 [info] [application] user id  Guest user  on home page using ip ::1
2014/10/17 03:08:35 [info] [application] user id  Guest user  on Login page using ip ::1
2014/10/17 03:08:50 [info] [application] user id  Guest user  on Login page using ip ::1
2014/10/17 03:08:53 [info] [application] user id  Guest user  on home page using ip ::1
2014/10/17 03:08:54 [info] [application] user id  Guest user  on Login page using ip ::1
2014/10/17 03:09:49 [info] [application] user demo login success from ip ::1
2014/10/17 03:09:49 [info] [application] user id demo on home page using ip ::1
2014/10/17 03:09:55 [info] [application] user id demo on main profile page using ip ::1
2014/10/17 03:10:06 [info] [application] user id demo on edit profile page using ip ::1
2014/10/17 03:13:03 [info] [application] user id demo on edit profile page using ip ::1
2014/10/17 03:13:07 [info] [application] user id demo on home page using ip ::1
2014/10/17 03:14:06 [info] [application] user id demo on home page using ip ::1
2014/10/17 03:14:28 [info] [application] user id demo on home page using ip ::1
2014/10/17 03:15:53 [info] [application] user id demo on home page using ip ::1
2014/10/17 03:17:35 [info] [application] user id demo on home page using ip ::1
2014/10/17 03:17:47 [info] [application] user id demo on main profile page using ip ::1
2014/10/17 03:18:13 [info] [application] user id demo on edit profile page using ip ::1
2014/10/17 03:19:49 [info] [application] user id demo on edit profile page using ip ::1
2014/10/17 03:19:53 [info] [application] user id demo on main profile page using ip ::1
2014/10/17 03:20:05 [info] [application] user id demo on edit profile page using ip ::1
2014/10/17 03:20:19 [info] [application] user id demo on main profile page using ip ::1
2014/10/17 03:20:32 [info] [application] user id  Guest user  on Login page using ip ::1
2014/10/17 03:21:08 [info] [application] user id  Guest user  on home page using ip ::1
2014/10/17 03:21:10 [info] [application] user id  Guest user  on Login page using ip ::1
2014/10/17 03:25:30 [info] [application] user id  Guest user  on Login page using ip ::1
2014/10/17 03:25:54 [info] [application] user id  Guest user  on Login page using ip ::1
2014/10/17 03:27:43 [info] [application] user id  Guest user  on Login page using ip ::1
2014/10/17 03:28:28 [info] [application] user id  Guest user  on Login page using ip ::1
2014/10/17 03:30:38 [info] [application] user id  Guest user  on Login page using ip ::1
2014/10/17 03:31:12 [info] [application] user id  Guest user  on Login page using ip ::1
2014/10/17 03:31:25 [info] [application] user id demo logout using ip ::1
2014/10/17 03:31:25 [info] [application] user id  Guest user  on home page using ip ::1
2014/10/17 03:33:20 [info] [application] user id  Guest user  on Login page using ip ::1
2014/10/17 03:33:47 [info] [application] user id  Guest user  on Login page using ip ::1
2014/10/17 03:36:03 [info] [application] user id  Guest user  on Login page using ip ::1
2014/10/17 03:36:05 [info] [application] user id  Guest user  on home page using ip ::1
2014/10/17 03:36:10 [info] [application] user id  Guest user  on home page using ip ::1
2014/10/17 03:36:12 [info] [application] user id  Guest user  on Login page using ip ::1
2014/10/17 03:36:14 [info] [application] user id  Guest user  on home page using ip ::1
2014/10/17 03:36:17 [info] [application] user id  Guest user  on Login page using ip ::1
2014/10/17 03:36:59 [info] [application] user id  Guest user  on Login page using ip ::1
2014/10/17 03:39:08 [info] [application] user id  Guest user  on Login page using ip ::1
2014/10/17 03:39:31 [info] [application] user id  Guest user  on Login page using ip ::1
2014/10/17 03:39:34 [info] [application] user id  Guest user  on Login page using ip ::1
2014/10/17 03:40:17 [info] [application] user id  Guest user  on Login page using ip ::1
2014/10/17 03:41:52 [info] [application] user id  Guest user  on Login page using ip ::1
2014/10/17 03:43:53 [info] [application] user id  Guest user  on home page using ip ::1
2014/10/17 03:43:57 [info] [application] user id  Guest user  on Login page using ip ::1
2014/10/17 04:13:54 [info] [application] user id  Guest user  on Login page using ip ::1
2014/10/17 04:14:02 [info] [application] user demo login failure from ip ::1
2014/10/17 04:15:58 [info] [application] user demo login success from ip ::1
2014/10/17 04:15:58 [info] [application] user id demo on main profile page using ip ::1
2014/10/17 04:16:07 [info] [application] user id demo logout using ip ::1
2014/10/17 04:16:07 [info] [application] user id  Guest user  on home page using ip ::1
2014/10/17 04:16:11 [info] [application] user id  Guest user  on Login page using ip ::1
2014/10/17 04:38:58 [info] [application] user id  Guest user  on Login page using ip ::1
2014/10/17 22:45:24 [info] [application] user id  Guest user  on home page using ip ::1
2014/10/17 23:53:42 [info] [application] user id  Guest user  on Login page using ip ::1
2014/10/17 23:53:56 [info] [application] user demo login success from ip ::1
2014/10/17 23:53:56 [info] [application] user id demo on home page using ip ::1
2014/10/17 23:54:01 [info] [application] user id demo on main profile page using ip ::1
2014/10/17 23:54:47 [info] [application] user id  Guest user  on Login page using ip ::1
2014/10/17 23:55:10 [info] [application] user test login success from ip ::1
2014/10/17 23:55:10 [info] [application] user id test on main profile page using ip ::1
2014/10/17 23:56:27 [info] [application] user id test on main profile page using ip ::1
2014/10/17 23:57:58 [info] [application] user id test on main profile page using ip ::1
2014/10/18 00:04:54 [info] [application] user id test on main profile page using ip ::1
2014/10/18 00:06:54 [info] [application] user id test on main profile page using ip ::1
2014/10/18 00:08:07 [info] [application] user id test on main profile page using ip ::1
2014/10/18 00:09:04 [info] [application] user id test on main profile page using ip ::1
2014/10/18 00:10:12 [info] [application] user id test on main profile page using ip ::1
2014/10/18 00:14:01 [info] [application] user id test on main profile page using ip ::1
2014/10/18 00:15:14 [info] [application] user id test on main profile page using ip ::1
2014/10/18 00:17:42 [info] [application] user id test on main profile page using ip ::1
2014/10/18 00:18:34 [info] [application] user id test on main profile page using ip ::1
2014/10/18 00:21:24 [info] [application] user id test on main profile page using ip ::1
2014/10/18 00:27:24 [info] [application] user id test on main profile page using ip ::1
2014/10/18 00:38:23 [info] [application] user id test on main profile page using ip ::1
2014/10/18 00:39:27 [info] [application] user id test on main profile page using ip ::1
2014/10/18 00:58:43 [info] [application] user id test on main profile page using ip ::1
2014/10/18 03:28:26 [info] [application] user id test on main profile page using ip ::1
2014/10/18 03:28:30 [info] [application] user id test logout using ip ::1
2014/10/18 03:28:30 [info] [application] user id  Guest user  on home page using ip ::1
2014/10/18 03:29:06 [info] [application] user id  Guest user  on Login page using ip ::1
2014/10/18 03:29:23 [info] [application] user 1006 login success from ip ::1
2014/10/18 03:29:23 [info] [application] user id 1006 on home page using ip ::1
2014/10/18 03:29:29 [info] [application] user id 1006 on main profile page using ip ::1
2014/10/18 03:31:25 [info] [application] user id 1006 on main profile page using ip ::1
2014/10/18 03:31:32 [info] [application] user id 1006 on edit profile page using ip ::1
2014/10/18 03:32:34 [info] [application] user id 1006 on main profile page using ip ::1
2014/10/18 03:38:56 [info] [application] user id 1006 on main profile page using ip ::1
2014/10/18 03:40:01 [info] [application] user id 1006 on main profile page using ip ::1
2014/10/18 03:41:10 [info] [application] user id 1006 on main profile page using ip ::1
2014/10/18 03:42:10 [info] [application] user id 1006 on main profile page using ip ::1
2014/10/18 03:42:27 [info] [application] user id 1006 on main profile page using ip ::1
2014/10/18 03:43:08 [info] [application] user id 1006 on main profile page using ip ::1
2014/10/18 03:48:05 [info] [application] user id 1006 on main profile page using ip ::1
2014/10/18 03:48:47 [info] [application] user id 1006 logout using ip ::1
2014/10/18 03:48:48 [info] [application] user id  Guest user  on home page using ip ::1
2014/10/18 03:48:50 [info] [application] user id  Guest user  on Login page using ip ::1
2014/10/18 03:49:01 [info] [application] user 1001 login success from ip ::1
2014/10/18 03:49:01 [info] [application] user id 1001 on home page using ip ::1
2014/10/18 03:49:06 [info] [application] user id 1001 on main profile page using ip ::1
2014/10/18 03:53:16 [info] [application] user id 1001 on main profile page using ip ::1
2014/10/18 03:53:22 [info] [application] user id 1001 on main profile page using ip ::1
2014/10/18 03:55:31 [info] [application] user id 1001 logout using ip ::1
2014/10/18 03:55:32 [info] [application] user id  Guest user  on home page using ip ::1
2014/10/18 03:55:34 [info] [application] user id  Guest user  on Login page using ip ::1
2014/10/18 03:55:54 [info] [application] user 7102 login success from ip ::1
2014/10/18 03:55:54 [info] [application] user id 7102 on home page using ip ::1
2014/10/18 03:55:58 [info] [application] user id 7102 on main profile page using ip ::1
2014/10/18 03:59:33 [info] [application] user id 7102 on main profile page using ip ::1
2014/10/18 04:00:59 [info] [application] user id 7102 on main profile page using ip ::1
2014/10/18 04:01:31 [info] [application] user id 7102 on main profile page using ip ::1
2014/10/18 04:01:34 [info] [application] user id 7102 on main profile page using ip ::1
2014/10/18 04:01:47 [info] [application] user id 7102 on main profile page using ip ::1
2014/10/18 04:01:59 [info] [application] user id 7102 on main profile page using ip ::1
2014/10/18 04:02:59 [info] [application] user id 7102 on main profile page using ip ::1
2014/10/18 04:11:41 [info] [application] user id 7102 on main profile page using ip ::1
2014/10/18 04:12:22 [info] [application] user id 7102 on main profile page using ip ::1
2014/10/18 04:39:46 [info] [application] user id demo on main profile page using ip ::1
2014/10/18 05:11:59 [info] [application] user id  Guest user  on Login page using ip ::1
2014/10/18 05:12:08 [info] [application] user 1001 login success from ip ::1
2014/10/18 05:12:08 [info] [application] user id 1001 on main profile page using ip ::1
2014/10/18 05:12:50 [info] [application] user id 1001 logout using ip ::1
2014/10/18 05:12:50 [info] [application] user id  Guest user  on home page using ip ::1
2014/10/18 05:12:53 [info] [application] user id  Guest user  on Login page using ip ::1
2014/10/18 05:12:59 [info] [application] user 7102 login success from ip ::1
2014/10/18 05:12:59 [info] [application] user id 7102 on home page using ip ::1
2014/10/18 05:13:02 [info] [application] user id 7102 on main profile page using ip ::1
2014/10/18 05:13:52 [info] [application] user id 7102 on main profile page using ip ::1
2014/10/18 05:41:01 [info] [application] user id 7102 on main profile page using ip ::1
2014/10/18 05:41:06 [info] [application] user id 7102 on main profile page using ip ::1
2014/10/18 05:41:56 [info] [application] user id 7102 on main profile page using ip ::1
2014/10/18 05:42:08 [info] [application] user id 7102 on main profile page using ip ::1
2014/10/18 05:57:59 [info] [application] user id 7102 on main profile page using ip ::1
2014/10/18 06:02:00 [info] [application] user id 7102 on main profile page using ip ::1
2014/10/18 06:55:09 [info] [application] user id 7102 on home page using ip ::1
2014/10/18 06:55:15 [info] [application] user id 7102 logout using ip ::1
2014/10/18 06:55:15 [info] [application] user id  Guest user  on home page using ip ::1
2014/10/18 06:55:17 [info] [application] user id  Guest user  on Login page using ip ::1
2014/10/18 06:55:29 [info] [application] user admin login success from ip ::1
2014/10/18 06:55:29 [info] [application] user id admin on home page using ip ::1
2014/10/18 06:56:31 [info] [application] user id admin on home page using ip ::1
2014/10/18 06:56:33 [info] [application] user id admin on an admin page using ip ::1
2014/10/18 06:57:45 [info] [application] user id admin on an admin page using ip ::1
2014/10/18 07:11:08 [info] [application] user id admin on an admin page using ip ::1
2014/10/18 07:11:42 [info] [application] user id admin on an admin page using ip ::1
2014/10/18 07:11:56 [info] [application] user id admin on an admin page using ip ::1
2014/10/18 07:12:29 [info] [application] user id admin on an admin page using ip ::1
2014/10/18 07:14:34 [info] [application] user id admin on an admin page using ip ::1
2014/10/18 07:15:34 [info] [application] user id admin on an admin page using ip ::1
2014/10/18 07:17:43 [info] [application] user id admin on an admin page using ip ::1
2014/10/18 07:18:39 [info] [application] user id admin on an admin page using ip ::1
2014/10/18 07:19:19 [info] [application] user id admin on an admin page using ip ::1
2014/10/18 07:22:07 [info] [application] user id admin on an admin page using ip ::1
2014/10/18 07:25:48 [info] [application] user id admin on an admin page using ip ::1
2014/10/18 07:30:50 [info] [application] user id admin on an admin page using ip ::1
2014/10/18 07:31:37 [info] [application] user id admin on an admin page using ip ::1
2014/10/18 07:46:52 [info] [application] user id admin on an admin page using ip ::1
2014/10/18 07:47:04 [info] [application] user id admin Users Contact edit data deleted using ip ::1
2014/10/18 07:48:17 [info] [application] user id admin Users Contact edit data deleted using ip ::1
2014/10/18 07:48:22 [info] [application] user id admin on an admin page using ip ::1
2014/10/18 07:48:27 [info] [application] user id admin Users Contact edit data deleted using ip ::1
2014/10/18 07:48:31 [info] [application] user id admin Users Instrument data deleted using ip ::1
2014/10/18 07:48:58 [info] [application] user id admin Users Contact edit data deleted using ip ::1
2014/10/18 07:49:01 [info] [application] user id admin on an admin page using ip ::1
2014/10/18 07:49:04 [info] [application] user id admin Users Contact edit data deleted using ip ::1
2014/10/18 07:49:11 [info] [application] user id admin Users Instrument data deleted using ip ::1
2014/10/18 07:49:36 [info] [application] user id admin Users Instrument data deleted using ip ::1
2014/10/18 07:50:07 [info] [application] user id admin on an admin page using ip ::1
2014/10/18 07:50:11 [info] [application] user id admin Users Instrument data deleted using ip ::1
2014/10/18 07:50:23 [info] [application] user id admin on an admin page using ip ::1
2014/10/18 07:50:29 [info] [application] user id admin Users Instrument data deleted using ip ::1
2014/10/18 07:51:13 [info] [application] user id admin on an admin page using ip ::1
2014/10/18 07:51:14 [info] [application] user id admin on an admin page using ip ::1
2014/10/18 07:51:19 [info] [application] user id admin Users Instrument data deleted using ip ::1
2014/10/18 07:51:48 [info] [application] user id admin on an admin page using ip ::1
2014/10/18 07:51:51 [info] [application] user id admin Users Instrument data deleted using ip ::1
2014/10/18 07:51:54 [info] [application] user id admin Users Contact edit data deleted using ip ::1
2014/10/18 07:52:26 [info] [application] user id admin 5732 users imported  using ip ::1
2014/10/18 07:54:07 [info] [application] user id admin on an admin page using ip ::1
2014/10/18 07:54:34 [info] [application] user id admin 5732 users imported  using ip ::1
2014/10/18 08:03:06 [info] [application] user id admin on an admin page using ip ::1
2014/10/18 08:03:19 [info] [application] user id admin on an admin page using ip ::1
2014/10/18 08:04:50 [info] [application] user id admin on an admin page using ip ::1
2014/10/18 08:07:21 [info] [application] user id admin on an admin page using ip ::1
2014/10/18 08:09:27 [info] [application] user id admin on an admin page using ip ::1
2014/10/18 08:12:10 [info] [application] user id admin on an admin page using ip ::1
2014/10/18 08:12:42 [info] [application] user id admin on an admin page using ip ::1
2014/10/18 08:13:16 [info] [application] user id admin on an admin page using ip ::1
2014/10/18 08:13:48 [info] [application] user id admin on an admin page using ip ::1
2014/10/18 08:14:44 [info] [application] user id admin on an admin page using ip ::1
2014/10/18 08:14:55 [info] [application] user id admin on an admin page using ip ::1
2014/10/18 08:15:23 [info] [application] user id admin on an admin page using ip ::1
2014/10/18 08:15:51 [info] [application] user id admin on an admin page using ip ::1
2014/10/18 08:16:04 [info] [application] user id admin on an admin page using ip ::1
2014/10/18 08:16:05 [info] [application] user id admin on an admin page using ip ::1
2014/10/18 08:16:48 [info] [application] user id admin on an admin page using ip ::1
2014/10/18 08:17:32 [info] [application] user id admin on an admin page using ip ::1
2014/10/18 08:18:19 [info] [application] user id admin on an admin page using ip ::1
2014/10/18 08:19:06 [info] [application] user id admin on an admin page using ip ::1
2014/10/18 08:19:39 [info] [application] user id admin on an admin page using ip ::1
2014/10/18 08:24:56 [info] [application] user id admin on an admin page using ip ::1
2014/10/18 08:25:14 [info] [application] user id admin on an admin page using ip ::1
2014/10/18 08:25:50 [info] [application] user id admin 5732 users imported  using ip ::1
2014/10/18 08:30:22 [info] [application] user id admin on an admin page using ip ::1
2014/10/18 08:30:29 [info] [application] user id admin Users Contact edit data deleted using ip ::1
2014/10/18 08:30:34 [info] [application] user id admin Users Instrument data deleted using ip ::1
2014/10/18 08:30:40 [info] [application] user id admin 1 users exported  using ip ::1
2014/10/18 08:31:25 [info] [application] user id admin 1 users exported  using ip ::1
2014/10/18 10:02:16 [info] [application] user id admin on main profile page using ip ::1
2014/10/18 10:02:25 [info] [application] user id admin on an admin page using ip ::1
2014/10/18 10:04:30 [info] [application] user id  Guest user  on Login page using ip ::1
2014/10/18 10:05:15 [info] [application] user id admin 1234 Instrument lines imported  using ip ::1
2014/10/18 10:12:24 [info] [application] user admin login success from ip ::1
2014/10/18 10:12:24 [info] [application] user id admin on an admin page using ip ::1
2014/10/18 10:13:47 [info] [application] user id admin logout using ip ::1
2014/10/18 10:13:47 [info] [application] user id  Guest user  on home page using ip ::1
2014/10/18 10:13:49 [info] [application] user id  Guest user  on Login page using ip ::1
2014/10/18 10:13:58 [info] [application] user 1001 login success from ip ::1
2014/10/18 10:13:58 [info] [application] user id 1001 on home page using ip ::1
2014/10/18 10:17:16 [info] [application] user id 1001 on home page using ip ::1
2014/10/18 10:17:36 [info] [application] user id 1001 on home page using ip ::1
2014/10/18 10:18:11 [info] [application] user id 1001 on home page using ip ::1
2014/10/18 10:18:14 [info] [application] user id 1001 on main profile page using ip ::1
2014/10/18 10:18:42 [info] [application] user id 1001 on main profile page using ip ::1
2014/10/18 10:19:16 [info] [application] user id 1001 on main profile page using ip ::1
2014/10/18 10:19:18 [info] [application] user id 1001 logout using ip ::1
2014/10/18 10:19:18 [info] [application] user id  Guest user  on home page using ip ::1
2014/10/18 10:19:20 [info] [application] user id  Guest user  on Login page using ip ::1
2014/10/18 10:19:34 [info] [application] user 1001 login success from ip ::1
2014/10/18 10:19:34 [info] [application] user id 1001 on home page using ip ::1
2014/10/18 10:19:56 [info] [application] user id admin logout using ip ::1
2014/10/18 10:19:56 [info] [application] user id  Guest user  on home page using ip ::1
2014/10/18 10:19:58 [info] [application] user id  Guest user  on Login page using ip ::1
2014/10/18 10:20:14 [info] [application] user 1001 login success from ip ::1
2014/10/18 10:20:14 [info] [application] user id 1001 on home page using ip ::1
2014/10/18 10:20:17 [info] [application] user id 1001 on main profile page using ip ::1
2014/10/18 10:20:26 [info] [application] user id 1001 logout using ip ::1
2014/10/18 10:20:26 [info] [application] user id  Guest user  on home page using ip ::1
2014/10/18 10:20:28 [info] [application] user id  Guest user  on Login page using ip ::1
2014/10/18 10:20:41 [info] [application] user admin login success from ip ::1
2014/10/18 10:20:41 [info] [application] user id admin on home page using ip ::1
2014/10/18 10:20:44 [info] [application] user id admin on an admin page using ip ::1
2014/10/18 10:23:45 [info] [application] user id admin on an admin page using ip ::1
2014/10/18 10:23:50 [info] [application] user id admin Users Instrument data deleted using ip ::1
2014/10/18 10:24:02 [info] [application] user id 1001 on main profile page using ip ::1
2014/10/18 10:24:04 [info] [application] user id 1001 on main profile page using ip ::1
2014/10/18 10:24:31 [info] [application] user id admin Users Instrument data deleted using ip ::1
2014/10/18 10:24:40 [info] [application] user id 1001 on main profile page using ip ::1
2014/10/18 10:24:42 [info] [application] user id 1001 on main profile page using ip ::1
2014/10/18 10:24:45 [info] [application] user id 1001 on main profile page using ip ::1
2014/10/18 10:25:09 [info] [application] user id admin Users Instrument data deleted using ip ::1
2014/10/18 10:25:21 [info] [application] user id 1001 on main profile page using ip ::1
2014/10/18 10:25:23 [info] [application] user id 1001 on main profile page using ip ::1
2014/10/18 10:28:40 [info] [application] user id admin Users Instrument data deleted using ip ::1
2014/10/18 10:28:48 [info] [application] user id 1001 on main profile page using ip ::1
2014/10/18 10:30:07 [info] [application] user id admin 1234 Instrument lines imported  using ip ::1
2014/10/18 10:30:07 [info] [application] user id 1001 on main profile page using ip ::1
2014/10/18 10:30:14 [info] [application] user id 1001 on main profile page using ip ::1
2014/10/18 10:30:17 [info] [application] user id 1001 on main profile page using ip ::1
2014/10/18 10:30:23 [info] [application] user id admin Users Instrument data deleted using ip ::1
2014/10/18 10:30:43 [info] [application] user id 1001 on main profile page using ip ::1
2014/10/18 10:30:57 [info] [application] user id admin 1234 Instrument lines imported  using ip ::1
2014/10/18 10:31:00 [info] [application] user id 1001 on main profile page using ip ::1
2014/10/18 10:31:05 [info] [application] user id admin Users Instrument data deleted using ip ::1
2014/10/18 10:31:09 [info] [application] user id 1001 on main profile page using ip ::1
2014/10/18 10:31:40 [info] [application] user id admin 1234 Instrument lines imported  using ip ::1
2014/10/18 10:31:57 [info] [application] user id 1001 on main profile page using ip ::1
2014/10/18 10:32:06 [info] [application] user id admin Users Contact edit data deleted using ip ::1
2014/10/18 10:32:20 [info] [application] user id 1001 on edit profile page using ip ::1
2014/10/18 10:38:44 [info] [application] user id 1001 update profile page using ip ::1 new data date_modified 2014-10-18 01:55:36user_id 1001password 1001name Freehold Licensing, Ltd., a Texas limited partnershipattn Joe Aldermansstreet FDR Station P.O. Box 490city New Yorkstate NYzip 10150tel cell 512-800-4808email J.Alderman@FreeholdLicensing.comtax_id 20-3765707
2014/10/18 10:38:49 [info] [application] user id 1001 on edit profile page using ip ::1
2014/10/18 10:39:01 [info] [application] user id admin 1 users exported  using ip ::1
2014/10/18 10:41:33 [info] [application] user id 1001 update profile page using ip ::1 new data date_modified 2014-10-18 01:55:36user_id 1001password 1001name Freehold Licensing, Ltd., a Texas limited partnershipattn Joe Aldermanstreet FDR Station P.O. Box 490city New Yorkstate NYzip 10150tel cell 512-800-4808email J.Alderman@FreeholdLicensing.comtax_id 20-3765707
2014/10/18 10:41:33 [info] [application] user id 1001 on main profile page using ip ::1
2014/10/18 12:14:21 [info] [application] user id admin on an admin page using ip ::1
2014/10/18 12:14:43 [info] [application] user id admin on main profile page using ip ::1
2014/10/18 12:14:57 [info] [application] user id admin on home page using ip ::1
2014/10/20 20:46:45 [info] [application] user id  Guest user  on Login page using ip ::1
2014/10/20 20:47:03 [info] [application] user id  Guest user  on home page using ip ::1
2014/10/20 20:56:37 [info] [application] user id  Guest user  on home page using ip ::1
2014/10/20 20:58:26 [info] [application] user id  Guest user  on home page using ip ::1
2014/10/20 21:00:12 [info] [application] user id  Guest user  on home page using ip ::1
2014/10/20 21:00:45 [info] [application] user id  Guest user  on home page using ip ::1
2014/10/20 21:00:52 [info] [application] user id  Guest user  on home page using ip ::1
2014/10/20 21:02:01 [info] [application] user id  Guest user  on home page using ip ::1
2014/10/20 21:02:21 [info] [application] user id  Guest user  on home page using ip ::1
2014/10/20 21:02:57 [info] [application] user id  Guest user  on home page using ip ::1
2014/10/20 21:03:12 [info] [application] user id  Guest user  on home page using ip ::1
2014/10/20 21:03:28 [info] [application] user id  Guest user  on home page using ip ::1
2014/10/20 21:03:34 [info] [application] user id  Guest user  on home page using ip ::1
2014/10/20 21:07:55 [info] [application] user id  Guest user  on Login page using ip ::1
2014/10/20 21:10:21 [info] [application] user id  Guest user  on Login page using ip ::1
2014/10/20 21:11:16 [info] [application] user id  Guest user  on Login page using ip ::1
2014/10/20 21:12:08 [info] [application] user id  Guest user  on Login page using ip ::1
2014/10/20 21:12:37 [info] [application] user id  Guest user  on Login page using ip ::1
2014/10/20 21:13:27 [info] [application] user id  Guest user  on Login page using ip ::1
2014/10/20 21:17:30 [info] [application] user id  on main profile page using ip ::1
2014/10/20 21:18:25 [info] [application] user id  on main profile page using ip ::1
2014/10/20 21:18:44 [info] [application] user id  on main profile page using ip ::1
2014/10/20 21:20:23 [info] [application] user id  Guest user  on Login page using ip ::1
2014/10/20 21:20:58 [info] [application] user 1006  login failure from ip ::1
2014/10/20 21:21:25 [info] [application] user 1006  login failure from ip ::1
2014/10/20 21:21:36 [info] [application] user 1006 login success from ip ::1
2014/10/20 21:21:36 [info] [application] user id 1006 on main profile page using ip ::1
2014/10/20 21:25:28 [info] [application] user id 1006 on main profile page using ip ::1
2014/10/20 21:26:24 [info] [application] user id 1006 on main profile page using ip ::1
2014/10/20 21:27:14 [info] [application] user id 1006 on main profile page using ip ::1
2014/10/20 21:27:55 [info] [application] user id 1006 on edit profile page using ip ::1
2014/10/20 21:31:14 [info] [application] user id 1006 on edit profile page using ip ::1
2014/10/20 21:35:42 [info] [application] user id 1006 on edit profile page using ip ::1
2014/10/20 21:35:46 [info] [application] user id 1006 on edit profile page using ip ::1
2014/10/20 21:36:32 [info] [application] user id 1006 on edit profile page using ip ::1
2014/10/20 21:37:03 [info] [application] user id 1006 on main profile page using ip ::1
2014/10/20 21:37:07 [info] [application] user id 1006 on edit profile page using ip ::1
2014/10/20 21:37:12 [info] [application] user id 1006 logout using ip ::1
2014/10/20 21:37:12 [info] [application] user id  Guest user  on Login page using ip ::1
2014/10/20 21:37:26 [info] [application] user 1001 login success from ip ::1
2014/10/20 21:37:26 [info] [application] user id 1001 on Login page using ip ::1
2014/10/20 21:38:18 [info] [application] user 1001 login success from ip ::1
2014/10/20 21:43:22 [info] [application] user id 1001 on Login page using ip ::1
2014/10/20 21:43:29 [info] [application] user 1001 login success from ip ::1
2014/10/20 21:45:45 [info] [application] user id 1001 on Login page using ip ::1
2014/10/20 21:45:50 [info] [application] user 1001 login success from ip ::1
2014/10/20 21:45:50 [info] [application] user id 1001 on main profile page using ip ::1
2014/10/20 21:57:53 [info] [application] user id 1001 on edit profile page using ip ::1
2014/10/20 21:57:59 [info] [application] user id 1001 update profile page using ip ::1 new data date_modified 2014-10-18 01:55:36user_id 1001password adminname Freehold Licensing, Ltd., a Texas limited partnershipattn Joe Aldermanstreet FDR Station P.O. Box 490city New Yorkstate NYzip 10150tel cell 512-800-4808email J.Alderman@FreeholdLicensing.comtax_id 20-3765707
2014/10/20 21:57:59 [info] [application] user id 1001 on main profile page using ip ::1
2014/10/20 21:58:07 [info] [application] user id 1001 on send mail page using ip ::1 regarding file # 2999
2014/10/20 22:47:31 [info] [application] user id  Guest user  on Login page using ip ::1
2014/10/20 22:47:40 [info] [application] user 1001 login success from ip ::1
2014/10/20 22:51:47 [info] [application] user id 1001 on main profile page using ip ::1
2014/10/20 22:51:58 [info] [application] user id 1001 on main profile page using ip ::1
2014/10/20 22:58:08 [info] [application] user id 1001 on main profile page using ip ::1
2014/10/20 22:59:27 [info] [application] user id 1001 on main profile page using ip ::1
2014/10/20 22:59:45 [info] [application] user id 1001 on main profile page using ip ::1
2014/10/20 23:04:05 [info] [application] user id 1001 on main profile page using ip ::1
2014/10/20 23:09:33 [info] [application] user id 1001 on main profile page using ip ::1
2014/10/20 23:10:13 [info] [application] user id 1001 on main profile page using ip ::1
2014/10/20 23:10:19 [info] [application] user id 1001 on main profile page using ip ::1
2014/10/20 23:11:32 [info] [application] user id 1001 on main profile page using ip ::1
2014/10/20 23:11:58 [info] [application] user id 1001 on main profile page using ip ::1
2014/10/20 23:13:15 [info] [application] user id 1001 on main profile page using ip ::1
2014/10/20 23:27:54 [info] [application] user id 1001 on main profile page using ip ::1
2014/10/20 23:28:02 [info] [application] user id 1001 on main profile page using ip ::1
2014/10/20 23:28:28 [info] [application] user id 1001 on main profile page using ip ::1
2014/10/20 23:28:38 [info] [application] user id 1001 on main profile page using ip ::1
2014/10/20 23:28:40 [info] [application] user id 1001 on main profile page using ip ::1
2014/10/20 23:28:42 [info] [application] user id 1001 on main profile page using ip ::1
2014/10/20 23:30:33 [info] [application] user id 1001 on main profile page using ip ::1
2014/10/20 23:30:36 [info] [application] user id 1001 on main profile page using ip ::1
2014/10/20 23:32:03 [info] [application] user id 1001 on main profile page using ip ::1
2014/10/20 23:36:14 [info] [application] user id 1001 logout using ip ::1
2014/10/20 23:36:14 [info] [application] user id  Guest user  on Login page using ip ::1
2014/10/20 23:36:46 [info] [application] user 1001 login success from ip ::1
2014/10/20 23:36:46 [info] [application] user id 1001 on main profile page using ip ::1
2014/10/20 23:36:50 [info] [application] user id 1001 logout using ip ::1
2014/10/20 23:36:50 [info] [application] user id  Guest user  on Login page using ip ::1
2014/10/20 23:37:13 [info] [application] user 1001 login success from ip ::1
2014/10/20 23:37:13 [info] [application] user id 1001 on main profile page using ip ::1
2014/10/20 23:37:19 [info] [application] user id 1001 on main profile page using ip ::1
2014/10/20 23:37:30 [info] [application] user id 1001 on main profile page using ip ::1
2014/10/20 23:37:44 [info] [application] user id 1001 on main profile page using ip ::1
2014/10/20 23:39:58 [info] [application] user id 1001 logout using ip ::1
2014/10/20 23:39:59 [info] [application] user id  Guest user  on Login page using ip ::1
2014/10/20 23:42:01 [info] [application] user admin login success from ip ::1
2014/10/20 23:42:01 [info] [application] user id admin on main profile page using ip ::1
2014/10/20 23:43:03 [info] [application] user id admin on main profile page using ip ::1
2014/10/20 23:45:39 [info] [application] user id admin logout using ip ::1
2014/10/20 23:45:54 [info] [application] user id  Guest user  on Login page using ip ::1
2014/10/20 23:46:08 [info] [application] user admin login success from ip ::1
2014/10/20 23:46:08 [info] [application] user id admin on main profile page using ip ::1
2014/10/20 23:46:50 [info] [application] user id admin on Login page using ip ::1
2014/10/20 23:47:15 [info] [application] user id admin on an admin page using ip ::1
2014/10/20 23:47:19 [info] [application] user id admin logout using ip ::1
2014/10/20 23:47:19 [info] [application] user id  Guest user  on Login page using ip ::1
2014/10/20 23:47:30 [info] [application] user admin login success from ip ::1
2014/10/20 23:47:30 [info] [application] user id admin on main profile page using ip ::1
2014/10/20 23:48:39 [info] [application] user id admin logout using ip ::1
2014/10/20 23:48:39 [info] [application] user id  Guest user  on Login page using ip ::1
2014/10/20 23:48:49 [info] [application] user admin login success from ip ::1
2014/10/20 23:48:49 [info] [application] user id admin on an admin page using ip ::1
2014/10/20 23:50:19 [info] [application] user id admin logout using ip ::1
2014/10/20 23:50:19 [info] [application] user id  Guest user  on Login page using ip ::1
2014/10/20 23:52:29 [info] [application] user id  Guest user  on Login page using ip ::1
2014/10/21 00:07:42 [info] [application] user 1007 login success from ip ::1
2014/10/21 00:07:42 [info] [application] user id 1007 on main profile page using ip ::1
2014/10/21 00:08:06 [info] [application] user id 1007 logout using ip ::1
2014/10/21 00:08:06 [info] [application] user id  Guest user  on Login page using ip ::1
2014/10/21 00:08:39 [info] [application] user 1010  login success from ip ::1
2014/10/21 00:08:40 [info] [application] user id 1010 on main profile page using ip ::1
2014/10/21 00:09:14 [info] [application] user id 1010 logout using ip ::1
2014/10/21 00:09:14 [info] [application] user id  Guest user  on Login page using ip ::1
2014/10/21 00:09:22 [info] [application] user 1017 login success from ip ::1
2014/10/21 00:09:22 [info] [application] user id 1017 on main profile page using ip ::1
2014/10/21 00:09:27 [info] [application] user id 1017 on edit profile page using ip ::1
2014/10/21 00:09:52 [info] [application] user id 1017 on main profile page using ip ::1
2014/10/21 00:09:58 [info] [application] user id 1017 logout using ip ::1
2014/10/21 00:09:58 [info] [application] user id  Guest user  on Login page using ip ::1
2014/10/21 00:11:57 [info] [application] user 1007  login success from ip ::1
2014/10/21 00:11:57 [info] [application] user id 1007 on main profile page using ip ::1
2014/10/21 00:12:08 [info] [application] user id 1007 logout using ip ::1
2014/10/21 00:12:08 [info] [application] user id  Guest user  on Login page using ip ::1
2014/10/21 00:12:14 [info] [application] user admin login failure from ip ::1
2014/10/21 00:12:25 [info] [application] user admin login success from ip ::1
2014/10/21 00:12:25 [info] [application] user id admin on an admin page using ip ::1
2014/10/21 00:12:53 [info] [application] user id admin 5732 users imported  using ip ::1
2014/10/21 00:13:00 [info] [application] user id admin logout using ip ::1
2014/10/21 00:13:00 [info] [application] user id  Guest user  on Login page using ip ::1
2014/10/21 00:13:09 [info] [application] user 1007 login success from ip ::1
2014/10/21 00:13:09 [info] [application] user id 1007 on main profile page using ip ::1
2014/10/21 00:13:22 [info] [application] user id 1007 on send mail page using ip ::1 regarding file # 2337
2014/10/21 00:13:27 [info] [application] user id 1007 on main profile page using ip ::1
2014/10/21 00:13:31 [info] [application] user id 1007 logout using ip ::1
2014/10/21 00:13:31 [info] [application] user id  Guest user  on Login page using ip ::1
2014/10/21 00:13:41 [info] [application] user 1001 login success from ip ::1
2014/10/21 00:13:41 [info] [application] user id 1001 on main profile page using ip ::1
2014/10/21 00:15:00 [info] [application] user id 1001 logout using ip ::1
2014/10/21 00:15:00 [info] [application] user id  Guest user  on Login page using ip ::1
2014/10/21 00:15:31 [info] [application] user admin login success from ip ::1
2014/10/21 00:15:31 [info] [application] user id admin on an admin page using ip ::1
2014/10/21 00:19:50 [info] [application] user id admin 5732 users imported  using ip ::1
2014/10/21 00:20:39 [info] [application] user id admin logout using ip ::1
2014/10/21 00:20:39 [info] [application] user id  Guest user  on Login page using ip ::1
2014/10/21 00:21:07 [info] [application] user 1006 login success from ip ::1
2014/10/21 00:21:07 [info] [application] user id 1006 on main profile page using ip ::1
2014/10/21 00:21:29 [info] [application] user id 1006 on main profile page using ip ::1
2014/10/21 00:22:16 [info] [application] user id 1006 on main profile page using ip ::1
2014/10/21 00:22:39 [info] [application] user id 1006 on edit profile page using ip ::1
2014/10/21 00:26:48 [info] [application] user id 1006 logout using ip ::1
2014/10/21 00:26:48 [info] [application] user id  Guest user  on Login page using ip ::1
2014/10/21 00:26:56 [info] [application] user admin login success from ip ::1
2014/10/21 00:26:56 [info] [application] user id admin on an admin page using ip ::1
2014/10/21 00:28:46 [info] [application] user id admin logout using ip ::1
2014/10/21 00:28:46 [info] [application] user id  Guest user  on Login page using ip ::1
2014/10/21 00:28:53 [info] [application] user 1006 login success from ip ::1
2014/10/21 00:28:53 [info] [application] user id 1006 on main profile page using ip ::1
2014/10/21 00:29:19 [info] [application] user id 1006 on main profile page using ip ::1
2014/10/21 00:29:27 [info] [application] user id 1006 on main profile page using ip ::1
2014/10/21 00:29:29 [info] [application] user id 1006 logout using ip ::1
2014/10/21 00:29:29 [info] [application] user id  Guest user  on Login page using ip ::1
2014/10/21 00:29:41 [info] [application] user admin login success from ip ::1
2014/10/21 00:29:41 [info] [application] user id admin on an admin page using ip ::1
2014/10/21 00:30:12 [info] [application] user id admin 5732 users imported  using ip ::1
2014/10/21 01:03:23 [info] [application] user id admin logout using ip ::1
2014/10/21 01:03:24 [info] [application] user id  Guest user  on Login page using ip ::1
2014/10/24 10:16:56 [info] [application] user id  Guest user  on Login page using ip ::1
2014/10/24 10:22:58 [info] [application] user 1001 login success from ip ::1
2014/10/24 10:23:05 [info] [application] user id 1001 on main profile page using ip ::1
2014/10/24 10:23:17 [info] [application] user id 1001 logout using ip ::1
2014/10/24 10:23:17 [info] [application] user id  Guest user  on Login page using ip ::1
2014/10/24 10:31:46 [info] [application] user id  Guest user  on Login page using ip ::1
2014/10/24 10:40:01 [info] [application] user id  Guest user  on Login page using ip ::1
2014/10/24 10:40:35 [info] [application] user id  Guest user  on Login page using ip ::1
2014/10/24 10:41:03 [info] [application] user id  Guest user  on Login page using ip ::1
2014/10/24 10:43:30 [info] [application] user id  Guest user  on Login page using ip ::1
2014/10/24 10:44:26 [info] [application] user id  Guest user  on Login page using ip ::1
2014/10/24 10:49:35 [info] [application] user id  Guest user  on Login page using ip ::1
2014/10/24 10:53:24 [info] [application] user id  Guest user  on Login page using ip ::1
2014/10/24 10:54:01 [info] [application] user id  Guest user  on Login page using ip ::1
2014/10/24 10:54:12 [info] [application] user id  Guest user  on Login page using ip ::1
2014/10/24 10:54:15 [info] [application] user id  Guest user  on Login page using ip ::1
2014/10/24 10:54:53 [info] [application] user id  Guest user  on Login page using ip ::1
2014/10/24 10:54:55 [info] [application] user id  Guest user  on Login page using ip ::1
2014/10/24 10:55:45 [info] [application] user id  Guest user  on Login page using ip ::1
2014/10/24 10:56:01 [info] [application] user id  Guest user  on Login page using ip ::1
2014/10/24 10:56:41 [info] [application] user id  Guest user  on Login page using ip ::1
2014/10/24 10:56:45 [info] [application] user id  Guest user  on Login page using ip ::1
2014/10/24 10:56:46 [info] [application] user id  Guest user  on Login page using ip ::1
2014/10/24 10:57:21 [info] [application] user id  Guest user  on Login page using ip ::1
2014/10/24 10:57:35 [info] [application] user id  Guest user  on Login page using ip ::1
2014/10/24 10:58:28 [info] [application] user id  Guest user  on Login page using ip ::1
2014/10/24 11:01:46 [info] [application] user id  Guest user  on Login page using ip ::1
2014/10/24 11:07:02 [info] [application] user id  Guest user  on Login page using ip ::1
2014/10/24 11:07:10 [info] [application] user id  Guest user  on Login page using ip ::1
2014/10/24 11:08:34 [info] [application] user 212 login failure from ip ::1
2014/10/24 11:09:35 [info] [application] user 212 login failure from ip ::1
2014/10/24 11:14:18 [info] [application] user id  Guest user  on Login page using ip ::1
2014/10/24 11:16:49 [info] [application] user id  Guest user  on Login page using ip ::1
2014/10/24 11:16:58 [info] [application] user id  Guest user  on Login page using ip ::1
2014/10/24 13:55:46 [info] [application] user id  Guest user  on Login page using ip ::1
2014/10/24 13:55:57 [info] [application] user 1001 login success from ip ::1
2014/10/24 13:55:59 [info] [application] user id 1001 on main profile page using ip ::1
2014/10/24 13:57:22 [info] [application] user id 1001 on main profile page using ip ::1
2014/10/24 14:01:38 [info] [application] user id 1001 on main profile page using ip ::1
2014/10/24 14:02:17 [info] [application] user id 1001 on main profile page using ip ::1
2014/10/24 14:05:40 [info] [application] user id 1001 on main profile page using ip ::1
2014/10/24 14:05:54 [info] [application] user id 1001 on main profile page using ip ::1
2014/10/24 14:06:56 [info] [application] user id 1001 on main profile page using ip ::1
2014/10/24 14:07:49 [info] [application] user id 1001 on main profile page using ip ::1
2014/10/24 14:08:01 [info] [application] user id 1001 on send mail page using ip ::1 regarding file # 2999
2014/10/24 14:08:25 [info] [application] user id 1001 on send mail page using ip ::1 regarding file # 2999
2014/10/24 14:10:14 [info] [application] user id 1001 on send mail page using ip ::1 regarding file # 2999
2014/10/24 14:11:25 [info] [application] user id 1001 on send mail page using ip ::1 regarding file # 2999
2014/10/24 14:14:42 [info] [application] user id 1001 on edit profile page using ip ::1
2014/10/24 14:14:43 [info] [application] user id 1001 on main profile page using ip ::1
2014/10/24 14:14:48 [info] [application] user id 1001 on edit profile page using ip ::1
2014/10/24 14:14:48 [info] [application] user id 1001 on main profile page using ip ::1
2014/10/24 14:14:53 [info] [application] user id 1001 on send mail page using ip ::1 regarding file # 2999
2014/10/24 14:14:59 [info] [application] user id 1001 on main profile page using ip ::1
2014/10/24 14:15:01 [info] [application] user id 1001 on main profile page using ip ::1
2014/10/24 14:15:08 [info] [application] user id 1001 on edit profile page using ip ::1
2014/10/24 14:15:09 [info] [application] user id 1001 on main profile page using ip ::1
2014/10/24 14:15:19 [info] [application] user id 1001 on edit profile page using ip ::1
2014/10/24 14:15:19 [info] [application] user id 1001 on main profile page using ip ::1
2014/10/24 14:17:55 [info] [application] user id 1001 on edit profile page using ip ::1
2014/10/24 14:17:55 [info] [application] user id 1001 on main profile page using ip ::1
2014/10/24 14:18:12 [info] [application] user id 1001 on edit profile page using ip ::1
2014/10/24 14:18:33 [info] [application] user id 1001 on edit profile page using ip ::1
2014/10/24 14:18:33 [info] [application] user id 1001 on main profile page using ip ::1
2014/10/24 14:19:16 [info] [application] user id 1001 on edit profile page using ip ::1
2014/10/24 14:19:46 [info] [application] user id 1001 on edit profile page using ip ::1
2014/10/24 14:19:57 [info] [application] user id 1001 on edit profile page using ip ::1
2014/10/24 14:21:28 [info] [application] user id 1001 on edit profile page using ip ::1
2014/10/24 14:22:45 [info] [application] user id 1001 on edit profile page using ip ::1
2014/10/24 14:28:59 [info] [application] user id 1001 on edit profile page using ip ::1
2014/10/24 14:29:19 [info] [application] user id 1001 update profile page using ip ::1 new data date_modified 2014-10-18 01:55:36user_id 1001password adminname Freehold Licensing, Ltd., a Texas limited partnershipattn Joe Aldermanstreet FDR Station P.O. Box 490city New Yorkstate NYzip 10150tel cell 512-800-4808email J.Alderman@FreeholdLicensing.comtax_id 20-3765707
2014/10/24 14:29:19 [info] [application] user id 1001 on main profile page using ip ::1
2014/10/24 14:29:29 [info] [application] user id 1001 on edit profile page using ip ::1
2014/10/24 14:29:51 [info] [application] user id 1001 on edit profile page using ip ::1
2014/10/24 14:30:16 [info] [application] user id 1001 on edit profile page using ip ::1
2014/10/24 14:33:03 [info] [application] user id 1001 on edit profile page using ip ::1
2014/10/24 14:34:52 [info] [application] user id 1001 on edit profile page using ip ::1
2014/10/24 14:34:53 [info] [application] user id 1001 on main profile page using ip ::1
2014/10/24 14:34:56 [info] [application] user id 1001 on edit profile page using ip ::1
2014/10/24 14:34:56 [info] [application] user id 1001 on main profile page using ip ::1
2014/10/24 14:34:57 [info] [application] user id 1001 on edit profile page using ip ::1
2014/10/24 14:34:57 [info] [application] user id 1001 on main profile page using ip ::1
2014/10/24 14:35:11 [info] [application] user id 1001 on edit profile page using ip ::1
2014/10/24 14:36:49 [info] [application] user id 1001 on edit profile page using ip ::1
2014/10/24 14:36:51 [info] [application] user id 1001 on edit profile page using ip ::1
2014/10/24 14:36:52 [info] [application] user id 1001 on edit profile page using ip ::1
2014/10/24 14:36:58 [info] [application] user id 1001 on main profile page using ip ::1
2014/10/24 14:37:01 [info] [application] user id 1001 on edit profile page using ip ::1
2014/10/24 14:37:15 [info] [application] user id 1001 on main profile page using ip ::1
2014/10/24 14:37:57 [info] [application] user id 1001 on edit profile page using ip ::1
2014/10/24 14:38:08 [info] [application] user id 1001 update profile page using ip ::1 new data date_modified 2014-10-18 01:55:36user_id 1001password adminname Freehold Licensing, Ltd., a Texas limited partnershipattn Joe Aldermanstreet FDR Station P.O. Box 490city New Yorkstate NYzip 10150tel 512-800-4808cell 512-800-4808email J.Alderman@FreeholdLicensing.comtax_id 20-3765707
2014/10/24 14:38:08 [info] [application] user id 1001 on main profile page using ip ::1
2014/10/24 14:38:20 [info] [application] user id 1001 on edit profile page using ip ::1
2014/10/24 14:38:37 [info] [application] user id 1001 update profile page using ip ::1 new data date_modified 2014-10-18 01:55:36user_id 1001password adminname Freehold Licensing, Ltd., a Texas limited partnershipattn Joe Aldermanstreet FDR Station P.O. Box 490city New Yorkstate NYzip 10150tel 512-800-4808cell 512-800-4808email J.Alderman@FreeholdLicensing.comtax_id 20-3765707
2014/10/24 14:38:37 [info] [application] user id 1001 on main profile page using ip ::1
2014/10/24 14:38:50 [info] [application] user id 1001 on edit profile page using ip ::1
2014/10/24 14:39:04 [info] [application] user id 1001 on main profile page using ip ::1
2014/10/24 14:39:09 [info] [application] user id 1001 on send mail page using ip ::1 regarding file # 2999
2014/10/24 15:13:45 [info] [application] user id 1001 logout using ip ::1
2014/10/24 15:13:45 [info] [application] user id  Guest user  on Login page using ip ::1
2014/11/03 01:27:16 [info] [application] user id  Guest user  on Login page using ip ::1
2014/11/03 01:34:14 [info] [application] user admin login success from ip ::1
2014/11/03 01:34:14 [info] [application] user id admin on an admin page using ip ::1
2014/11/03 01:34:34 [info] [application] user id admin Users Instrument data deleted using ip ::1
2014/11/03 02:01:51 [info] [application] user id  Guest user  on Login page using ip ::1
2014/11/03 02:02:11 [info] [application] user id admin 1234 Instrument lines imported  using ip ::1
2014/11/03 02:02:46 [info] [application] user 1001 login failure from ip ::1
2014/11/03 02:03:46 [info] [application] user 1001 login success from ip ::1
2014/11/03 02:03:46 [info] [application] user id 1001 on main profile page using ip ::1
2014/11/03 02:09:52 [info] [application] user id admin 1234 Instrument lines imported  using ip ::1
2014/11/03 02:10:26 [info] [application] user id admin 1234 Instrument lines imported  using ip ::1
2014/11/03 02:12:56 [info] [application] user id admin Users Instrument data deleted using ip ::1
2014/11/03 02:13:28 [info] [application] user id admin 1234 Instrument lines imported  using ip ::1
2014/11/03 02:14:50 [info] [application] user id admin Users Instrument data deleted using ip ::1
2014/11/03 02:15:26 [info] [application] user id admin 1234 Instrument lines imported  using ip ::1
2014/11/03 02:15:38 [info] [application] user id 1001 on main profile page using ip ::1
2014/11/03 02:17:03 [info] [application] user id admin Users Instrument data deleted using ip ::1
2014/11/03 02:17:36 [info] [application] user id admin 1234 Instrument lines imported  using ip ::1
2014/11/03 03:12:22 [info] [application] user id admin logout using ip ::1
2014/11/03 03:12:22 [info] [application] user id  Guest user  on Login page using ip ::1
2014/11/03 03:13:15 [info] [application] user 1006 login success from ip ::1
2014/11/03 03:13:15 [info] [application] user id 1006 on main profile page using ip ::1
2014/11/03 03:51:00 [info] [application] user id 1006 on main profile page using ip ::1
2014/11/09 22:16:22 [info] [application] user id  Guest user  on Login page using ip ::1
2014/11/09 22:16:33 [info] [application] user 1006 login success from ip ::1
2014/11/09 22:16:34 [info] [application] user id 1006 on main profile page using ip ::1
2014/11/09 22:18:30 [info] [application] user id 1006 on main profile page using ip ::1
2014/11/09 22:18:56 [info] [application] user id 1006 on main profile page using ip ::1
2014/11/09 22:20:03 [info] [application] user id 1006 update profile page using ip ::1 new data date_modified 2014-10-18 01:48:05user_id 1006password adminname Lars Eilenfeldattn street 8913 Meisenheimercity Las Vegasstate NVzip 89143tel 702-259-0566cell 702-575-1249email Leilenfeld@farmersagent.comtax_id 366-70-8816
2014/11/09 22:20:08 [info] [application] user id 1006 update profile page using ip ::1 new data date_modified 2014-10-18 01:48:05user_id 1006password adminname Lars Eilenfeldattn street 8913 Meisenheimercity Las Vegasstate NVzip 89143tel 702-259-0566cell 702-575-1249email Leilenfeld@farmersagent.comtax_id 366-70-8816
2014/11/09 22:20:15 [info] [application] user id 1006 update profile page using ip ::1 new data date_modified 2014-10-18 01:48:05user_id 1006password adminname Lars Eilenfeldattn street 8913 Meisenheimercity Las Vegasstate NVzip 89143tel 702-259-0566cell 702-575-1249email Leilenfeld@farmersagent.comtax_id 366-70-8816
2014/11/09 22:23:10 [info] [application] user id 1006 update profile page using ip ::1 new data date_modified 2014-10-18 01:48:05user_id 1006password qwertyname Lars Eilenfeldattn street 8913 Meisenheimercity Las Vegasstate NVzip 89143tel 702-259-0566cell 702-575-1249email Leilenfeld@farmersagent.comtax_id 366-70-8816
2014/11/09 22:23:18 [info] [application] user id 1006 update profile page using ip ::1 new data date_modified 2014-10-18 01:48:05user_id 1006password qwertyname Lars Eilenfeldattn street 8913 Meisenheimercity Las Vegasstate NVzip 89143tel 702-259-0566cell 702-575-1249email Leilenfeld@farmersagent.comtax_id 366-70-8816
2014/11/09 22:23:19 [info] [application] user id 1006 update profile page using ip ::1 new data date_modified 2014-10-18 01:48:05user_id 1006password qwertyname Lars Eilenfeldattn street 8913 Meisenheimercity Las Vegasstate NVzip 89143tel 702-259-0566cell 702-575-1249email Leilenfeld@farmersagent.comtax_id 366-70-8816
2014/11/09 22:23:20 [info] [application] user id 1006 update profile page using ip ::1 new data date_modified 2014-10-18 01:48:05user_id 1006password qwertyname Lars Eilenfeldattn street 8913 Meisenheimercity Las Vegasstate NVzip 89143tel 702-259-0566cell 702-575-1249email Leilenfeld@farmersagent.comtax_id 366-70-8816
2014/11/09 22:23:20 [info] [application] user id 1006 update profile page using ip ::1 new data date_modified 2014-10-18 01:48:05user_id 1006password qwertyname Lars Eilenfeldattn street 8913 Meisenheimercity Las Vegasstate NVzip 89143tel 702-259-0566cell 702-575-1249email Leilenfeld@farmersagent.comtax_id 366-70-8816
2014/11/09 22:23:20 [info] [application] user id 1006 update profile page using ip ::1 new data date_modified 2014-10-18 01:48:05user_id 1006password qwertyname Lars Eilenfeldattn street 8913 Meisenheimercity Las Vegasstate NVzip 89143tel 702-259-0566cell 702-575-1249email Leilenfeld@farmersagent.comtax_id 366-70-8816
2014/11/09 22:23:20 [info] [application] user id 1006 update profile page using ip ::1 new data date_modified 2014-10-18 01:48:05user_id 1006password qwertyname Lars Eilenfeldattn street 8913 Meisenheimercity Las Vegasstate NVzip 89143tel 702-259-0566cell 702-575-1249email Leilenfeld@farmersagent.comtax_id 366-70-8816
2014/11/09 22:23:20 [info] [application] user id 1006 update profile page using ip ::1 new data date_modified 2014-10-18 01:48:05user_id 1006password qwertyname Lars Eilenfeldattn street 8913 Meisenheimercity Las Vegasstate NVzip 89143tel 702-259-0566cell 702-575-1249email Leilenfeld@farmersagent.comtax_id 366-70-8816
2014/11/09 22:23:20 [info] [application] user id 1006 update profile page using ip ::1 new data date_modified 2014-10-18 01:48:05user_id 1006password qwertyname Lars Eilenfeldattn street 8913 Meisenheimercity Las Vegasstate NVzip 89143tel 702-259-0566cell 702-575-1249email Leilenfeld@farmersagent.comtax_id 366-70-8816
2014/11/09 22:23:20 [info] [application] user id 1006 update profile page using ip ::1 new data date_modified 2014-10-18 01:48:05user_id 1006password qwertyname Lars Eilenfeldattn street 8913 Meisenheimercity Las Vegasstate NVzip 89143tel 702-259-0566cell 702-575-1249email Leilenfeld@farmersagent.comtax_id 366-70-8816
2014/11/09 22:26:22 [info] [application] user id 1006 update profile page using ip ::1 new data date_modified 2014-10-18 01:48:05user_id 1006password qwertyname Lars Eilenfeldattn street 8913 Meisenheimercity Las Vegasstate NVzip 89143tel 702-259-0566cell 702-575-1249email Leilenfeld@farmersagent.comtax_id 366-70-8816
2014/11/09 22:26:22 [info] [application] user id 1006 update profile page using ip ::1 new data date_modified 2014-10-18 01:48:05user_id 1006password qwertyname Lars Eilenfeldattn street 8913 Meisenheimercity Las Vegasstate NVzip 89143tel 702-259-0566cell 702-575-1249email Leilenfeld@farmersagent.comtax_id 366-70-8816
2014/11/09 22:26:22 [info] [application] user id 1006 update profile page using ip ::1 new data date_modified 2014-10-18 01:48:05user_id 1006password qwertyname Lars Eilenfeldattn street 8913 Meisenheimercity Las Vegasstate NVzip 89143tel 702-259-0566cell 702-575-1249email Leilenfeld@farmersagent.comtax_id 366-70-8816
2014/11/09 22:26:22 [info] [application] user id 1006 update profile page using ip ::1 new data date_modified 2014-10-18 01:48:05user_id 1006password qwertyname Lars Eilenfeldattn street 8913 Meisenheimercity Las Vegasstate NVzip 89143tel 702-259-0566cell 702-575-1249email Leilenfeld@farmersagent.comtax_id 366-70-8816
2014/11/09 22:26:23 [info] [application] user id 1006 on main profile page using ip ::1
2014/11/09 22:26:23 [info] [application] user id 1006 on main profile page using ip ::1
2014/11/09 22:26:39 [info] [application] user id 1006 update profile page using ip ::1 new data date_modified 2014-10-18 01:48:05user_id 1006password qwertyname Lars Eilenfeldattn street 8913 Meisenheimercity Las Vegasstate NVzip 89143tel 702-259-0566cell 702-575-1249email Leilenfeld@farmersagent.comtax_id 366-70-8816
2014/11/09 22:26:40 [info] [application] user id 1006 on main profile page using ip ::1
2014/11/09 22:26:49 [info] [application] user id 1006 update profile page using ip ::1 new data date_modified 2014-10-18 01:48:05user_id 1006password qwertyname Lars Eilenfeldattn street 8913 Meisenheimercity Las Vegasstate NVzip 89143tel 702-259-0566cell 702-575-1249email Leilenfeld@farmersagent.comtax_id 366-70-8816
2014/11/09 22:26:50 [info] [application] user id 1006 on main profile page using ip ::1
2014/11/09 22:27:05 [info] [application] user id 1006 update profile page using ip ::1 new data date_modified 2014-10-18 01:48:05user_id 1006password qwertyname Lars Eilenfeldattn street 8913 Meisenheimercity Las Vegasstate NVzip 89143tel 702-259-0566cell 702-575-1249email Leilenfeld@farmersagent.comtax_id 366-70-8816
2014/11/09 22:27:11 [info] [application] user id 1006 update profile page using ip ::1 new data date_modified 2014-10-18 01:48:05user_id 1006password qwertyname Lars Eilenfeldattn street 8913 Meisenheimercity Las Vegasstate NVzip 89143tel 702-259-0566cell 702-575-1249email Leilenfeld@farmersagent.comtax_id 366-70-8816
2014/11/09 22:27:12 [info] [application] user id 1006 update profile page using ip ::1 new data date_modified 2014-10-18 01:48:05user_id 1006password qwertyname Lars Eilenfeldattn street 8913 Meisenheimercity Las Vegasstate NVzip 89143tel 702-259-0566cell 702-575-1249email Leilenfeld@farmersagent.comtax_id 366-70-8816
2014/11/09 22:27:12 [info] [application] user id 1006 update profile page using ip ::1 new data date_modified 2014-10-18 01:48:05user_id 1006password qwertyname Lars Eilenfeldattn street 8913 Meisenheimercity Las Vegasstate NVzip 89143tel 702-259-0566cell 702-575-1249email Leilenfeld@farmersagent.comtax_id 366-70-8816
2014/11/09 22:27:12 [info] [application] user id 1006 update profile page using ip ::1 new data date_modified 2014-10-18 01:48:05user_id 1006password qwertyname Lars Eilenfeldattn street 8913 Meisenheimercity Las Vegasstate NVzip 89143tel 702-259-0566cell 702-575-1249email Leilenfeld@farmersagent.comtax_id 366-70-8816
2014/11/09 22:27:12 [info] [application] user id 1006 update profile page using ip ::1 new data date_modified 2014-10-18 01:48:05user_id 1006password qwertyname Lars Eilenfeldattn street 8913 Meisenheimercity Las Vegasstate NVzip 89143tel 702-259-0566cell 702-575-1249email Leilenfeld@farmersagent.comtax_id 366-70-8816
2014/11/09 22:27:12 [info] [application] user id 1006 update profile page using ip ::1 new data date_modified 2014-10-18 01:48:05user_id 1006password qwertyname Lars Eilenfeldattn street 8913 Meisenheimercity Las Vegasstate NVzip 89143tel 702-259-0566cell 702-575-1249email Leilenfeld@farmersagent.comtax_id 366-70-8816
2014/11/09 22:27:13 [info] [application] user id 1006 update profile page using ip ::1 new data date_modified 2014-10-18 01:48:05user_id 1006password qwertyname Lars Eilenfeldattn street 8913 Meisenheimercity Las Vegasstate NVzip 89143tel 702-259-0566cell 702-575-1249email Leilenfeld@farmersagent.comtax_id 366-70-8816
2014/11/09 22:27:13 [info] [application] user id 1006 update profile page using ip ::1 new data date_modified 2014-10-18 01:48:05user_id 1006password qwertyname Lars Eilenfeldattn street 8913 Meisenheimercity Las Vegasstate NVzip 89143tel 702-259-0566cell 702-575-1249email Leilenfeld@farmersagent.comtax_id 366-70-8816
2014/11/09 22:27:13 [info] [application] user id 1006 update profile page using ip ::1 new data date_modified 2014-10-18 01:48:05user_id 1006password qwertyname Lars Eilenfeldattn street 8913 Meisenheimercity Las Vegasstate NVzip 89143tel 702-259-0566cell 702-575-1249email Leilenfeld@farmersagent.comtax_id 366-70-8816
2014/11/09 22:27:13 [info] [application] user id 1006 update profile page using ip ::1 new data date_modified 2014-10-18 01:48:05user_id 1006password qwertyname Lars Eilenfeldattn street 8913 Meisenheimercity Las Vegasstate NVzip 89143tel 702-259-0566cell 702-575-1249email Leilenfeld@farmersagent.comtax_id 366-70-8816
2014/11/09 22:27:13 [info] [application] user id 1006 update profile page using ip ::1 new data date_modified 2014-10-18 01:48:05user_id 1006password qwertyname Lars Eilenfeldattn street 8913 Meisenheimercity Las Vegasstate NVzip 89143tel 702-259-0566cell 702-575-1249email Leilenfeld@farmersagent.comtax_id 366-70-8816
2014/11/09 22:27:13 [info] [application] user id 1006 update profile page using ip ::1 new data date_modified 2014-10-18 01:48:05user_id 1006password qwertyname Lars Eilenfeldattn street 8913 Meisenheimercity Las Vegasstate NVzip 89143tel 702-259-0566cell 702-575-1249email Leilenfeld@farmersagent.comtax_id 366-70-8816
2014/11/09 22:27:14 [info] [application] user id 1006 update profile page using ip ::1 new data date_modified 2014-10-18 01:48:05user_id 1006password qwertyname Lars Eilenfeldattn street 8913 Meisenheimercity Las Vegasstate NVzip 89143tel 702-259-0566cell 702-575-1249email Leilenfeld@farmersagent.comtax_id 366-70-8816
2014/11/09 22:27:14 [info] [application] user id 1006 update profile page using ip ::1 new data date_modified 2014-10-18 01:48:05user_id 1006password qwertyname Lars Eilenfeldattn street 8913 Meisenheimercity Las Vegasstate NVzip 89143tel 702-259-0566cell 702-575-1249email Leilenfeld@farmersagent.comtax_id 366-70-8816
2014/11/09 22:27:14 [info] [application] user id 1006 update profile page using ip ::1 new data date_modified 2014-10-18 01:48:05user_id 1006password qwertyname Lars Eilenfeldattn street 8913 Meisenheimercity Las Vegasstate NVzip 89143tel 702-259-0566cell 702-575-1249email Leilenfeld@farmersagent.comtax_id 366-70-8816
2014/11/09 22:27:14 [info] [application] user id 1006 update profile page using ip ::1 new data date_modified 2014-10-18 01:48:05user_id 1006password qwertyname Lars Eilenfeldattn street 8913 Meisenheimercity Las Vegasstate NVzip 89143tel 702-259-0566cell 702-575-1249email Leilenfeld@farmersagent.comtax_id 366-70-8816
2014/11/09 22:27:14 [info] [application] user id 1006 update profile page using ip ::1 new data date_modified 2014-10-18 01:48:05user_id 1006password qwertyname Lars Eilenfeldattn street 8913 Meisenheimercity Las Vegasstate NVzip 89143tel 702-259-0566cell 702-575-1249email Leilenfeld@farmersagent.comtax_id 366-70-8816
2014/11/09 22:27:56 [info] [application] user id 1006 on main profile page using ip ::1
2014/11/09 22:28:13 [info] [application] user id 1006 on main profile page using ip ::1
2014/11/09 22:28:22 [info] [application] user id 1006 on main profile page using ip ::1
2014/11/09 22:28:22 [info] [application] user id 1006 on main profile page using ip ::1
2014/11/09 22:28:22 [info] [application] user id 1006 on main profile page using ip ::1
2014/11/09 22:28:22 [info] [application] user id 1006 on main profile page using ip ::1
2014/11/09 22:29:20 [info] [application] user id 1006 on main profile page using ip ::1
2014/11/09 22:29:21 [info] [application] user id 1006 on main profile page using ip ::1
2014/11/09 22:29:21 [info] [application] user id 1006 on main profile page using ip ::1
2014/11/09 22:29:21 [info] [application] user id 1006 on main profile page using ip ::1
2014/11/09 22:29:21 [info] [application] user id 1006 on main profile page using ip ::1
2014/11/09 22:29:22 [info] [application] user id 1006 on main profile page using ip ::1
2014/11/09 22:29:34 [info] [application] user id 1006 on main profile page using ip ::1
2014/11/09 22:29:35 [info] [application] user id 1006 on main profile page using ip ::1
2014/11/09 22:29:35 [info] [application] user id 1006 on main profile page using ip ::1
2014/11/09 22:29:35 [info] [application] user id 1006 on main profile page using ip ::1
2014/11/09 22:29:35 [info] [application] user id 1006 on main profile page using ip ::1
2014/11/09 22:31:15 [info] [application] user id 1006 on main profile page using ip ::1
2014/11/09 22:31:15 [info] [application] user id 1006 on main profile page using ip ::1
2014/11/09 22:31:16 [info] [application] user id 1006 on main profile page using ip ::1
2014/11/09 22:31:16 [info] [application] user id 1006 on main profile page using ip ::1
2014/11/09 22:31:16 [info] [application] user id 1006 on main profile page using ip ::1
2014/11/09 22:32:20 [info] [application] user id 1006 on main profile page using ip ::1
2014/11/09 22:32:20 [info] [application] user id 1006 on main profile page using ip ::1
2014/11/09 22:32:20 [info] [application] user id 1006 on main profile page using ip ::1
2014/11/09 22:32:20 [info] [application] user id 1006 on main profile page using ip ::1
2014/11/13 01:56:43 [info] [application] user id  Guest user  on Login page using ip ::1
2014/11/13 01:56:51 [info] [application] user 1006 login success from ip ::1
2014/11/13 01:56:51 [info] [application] user id 1006 on main profile page using ip ::1
2014/11/13 01:58:58 [info] [application] user id 1006 on main profile page using ip ::1
2014/11/13 01:59:23 [info] [application] user id 1006 on main profile page using ip ::1
2014/11/13 02:03:05 [info] [application] user id  Guest user  on Login page using ip ::1
2014/11/13 02:03:13 [info] [application] user 1006 login success from ip ::1
2014/11/13 02:03:13 [info] [application] user id 1006 on main profile page using ip ::1
2014/11/13 02:06:10 [info] [application] user id 1006 on main profile page using ip ::1
2014/11/13 02:07:07 [info] [application] user id 1006 on main profile page using ip ::1
2014/11/13 02:12:27 [info] [application] user id 1006 on main profile page using ip ::1
2014/11/13 02:12:29 [info] [application] user id 1006 on main profile page using ip ::1
2014/11/13 02:13:25 [info] [application] user id 1006 on main profile page using ip ::1
2014/11/13 02:13:34 [info] [application] user id 1006 logout using ip ::1
2014/11/13 02:13:34 [info] [application] user id  Guest user  on Login page using ip ::1
2014/11/13 02:13:42 [info] [application] user 1001 login success from ip ::1
2014/11/13 02:13:42 [info] [application] user id 1001 on main profile page using ip ::1
2014/11/13 02:28:50 [info] [application] user id 1001 on main profile page using ip ::1
2014/11/13 02:29:18 [info] [application] user id 1001 on edit profile page using ip ::1
2014/11/13 02:29:28 [info] [application] user id 1001 update profile page using ip ::1 new data date_modified 2014-10-18 01:55:36user_id 1001password ip1001Frname Freehold Licensing, Ltd., a Texas limited partnershipattn Joe Aldermansstreet FDR Station P.O. Box 490city New Yorkstate NYzip 10150tel 512-800-4808cell 512-800-4808email J.Alderman@FreeholdLicensing.comtax_id 20-3765707
2014/11/13 02:29:28 [info] [application] user id 1001 on main profile page using ip ::1
2014/11/13 02:29:41 [info] [application] user id 1001 on change password page using ip ::1
2014/11/13 02:31:47 [info] [application] user id 1001 on main profile page using ip ::1
2014/11/13 02:32:08 [info] [application] user id 1001 on edit profile page using ip ::1
2014/11/13 02:32:15 [info] [application] user id 1001 update profile page using ip ::1 new data date_modified 2014-10-18 01:55:36user_id 1001password ip1001Frname Freehold Licensing, Ltd., a Texas limited partnershipattn Joe Aldermansdssstreet FDR Station P.O. Box 490city New Yorkstate NYzip 10150tel 512-800-4808cell 512-800-4808email J.Alderman@FreeholdLicensing.comtax_id 20-3765707
2014/11/13 02:32:15 [info] [application] user id 1001 on main profile page using ip ::1
2014/11/13 02:32:27 [info] [application] user id 1001 on main profile page using ip ::1
2014/11/13 02:32:38 [info] [application] user id 1001 logout using ip ::1
2014/11/13 02:32:38 [info] [application] user id  Guest user  on Login page using ip ::1
2014/11/13 02:32:52 [info] [application] user 1001 login success from ip ::1
2014/11/13 02:32:52 [info] [application] user id 1001 on main profile page using ip ::1
2014/11/13 02:33:04 [info] [application] user id 1001 on change password page using ip ::1
2014/11/13 02:33:16 [info] [application] user id 1001 update profile password using ip ::1 new password ip1001Fr
2014/11/13 02:33:16 [info] [application] user id 1001 on main profile page using ip ::1
2014/11/13 02:33:32 [info] [application] user id 1001 logout using ip ::1
2014/11/13 02:33:32 [info] [application] user id  Guest user  on Login page using ip ::1
2014/11/13 02:33:40 [info] [application] user 1001 login failure from ip ::1
2014/11/13 02:33:55 [info] [application] user 1001 login failure from ip ::1
2014/11/13 02:34:08 [info] [application] user 1001 login success from ip ::1
2014/11/13 02:34:08 [info] [application] user id 1001 on main profile page using ip ::1
2014/11/13 02:35:11 [info] [application] user id 1001 on change password page using ip ::1
2014/11/13 02:36:45 [info] [application] user id 1001 logout using ip ::1
2014/11/13 02:36:45 [info] [application] user id  Guest user  on Login page using ip ::1
2014/11/13 02:36:56 [info] [application] user id 1001 send password to email because of 3 wrong password attemps using ip ::1
2014/11/13 02:36:57 [info] [application] user 1001 login failure from ip ::1
2014/11/13 02:37:49 [info] [application] user 1006 login success from ip ::1
2014/11/13 02:37:49 [info] [application] user id 1006 on main profile page using ip ::1
2014/11/13 02:38:44 [info] [application] user id 1006 on change password page using ip ::1
2014/11/13 02:39:11 [info] [application] user id 1006 on main profile page using ip ::1
2014/11/13 02:39:13 [info] [application] user id 1006 logout using ip ::1
2014/11/13 02:39:13 [info] [application] user id  Guest user  on Login page using ip ::1
2014/11/13 02:39:23 [info] [application] user 1006 login success from ip ::1
2014/11/13 02:39:23 [info] [application] user id 1006 on main profile page using ip ::1
2014/11/13 02:39:39 [info] [application] user id 1006 on change password page using ip ::1
2014/11/13 02:39:53 [info] [application] user id 1006 update profile password using ip ::1 new password test
2014/11/13 02:39:54 [info] [application] user id 1006 on main profile page using ip ::1
2014/11/13 02:40:03 [info] [application] user id 1006 on change password page using ip ::1
2014/11/13 02:40:26 [info] [application] user id 1006 update profile password using ip ::1 new password qwerty
2014/11/13 02:40:26 [info] [application] user id 1006 on main profile page using ip ::1
2014/11/13 02:40:30 [info] [application] user id 1006 on change password page using ip ::1
2014/11/13 02:41:03 [info] [application] user id 1006 update profile password using ip ::1 new password ld1006La
2014/11/13 02:41:04 [info] [application] user id 1006 on main profile page using ip ::1
2014/11/13 02:41:21 [info] [application] user id 1006 update profile page using ip ::1 new data date_modified 2014-10-18 01:48:05user_id 1006password ld1006Laname Lars Eilenfeldattn street 8913 Meisenheimercity Las Vegasstate NVzip 89143tel 702-259-0566cell 702-575-1249email Leilenfeld@farmersagent.comtax_id 366-70-8816
2014/11/13 02:41:21 [info] [application] user id 1006 on main profile page using ip ::1
2014/11/13 02:41:35 [info] [application] user id 1006 update profile page using ip ::1 new data date_modified 2014-10-18 01:48:05user_id 1006password ld1006Laname Lars Eilenfeldattn 21233street 8913 Meisenheimercity Las Vegasstate NVzip 89143tel 702-259-0566cell 702-575-1249email Leilenfeld@farmersagent.comtax_id 366-70-8816
2014/11/13 02:41:35 [info] [application] user id 1006 on main profile page using ip ::1
2014/11/13 02:41:52 [info] [application] user id 1006 logout using ip ::1
2014/11/13 02:41:52 [info] [application] user id  Guest user  on Login page using ip ::1
2014/11/13 02:51:22 [info] [application] user 1001 3 login failure trying to login again from ip ::1
2014/11/13 02:51:22 [info] [application] user 1001 login failure from ip ::1
2014/11/13 02:51:34 [info] [application] user 1006 login success from ip ::1
2014/11/13 02:51:34 [info] [application] user id 1006 on main profile page using ip ::1
2014/11/13 02:51:37 [info] [application] user id 1006 on change password page using ip ::1
